Flutter crash report; please file at https://github.com/flutter/flutter/issues.

## command

flutter run

## exception

SocketException: SocketException: Write failed (OS Error: Le canal de communication est sur le point d’être fermé.
, errno = 232), port = 0

```
null```

## flutter doctor

```
[32m[✓][39m Flutter (Channel stable, v1.7.8+hotfix.4, on Microsoft Windows [version 10.0.18362.476], locale fr-BE)
    [32m•[39m Flutter version 1.7.8+hotfix.4 at D:\flutter
    [32m•[39m Framework revision 20e59316b8 (4 months ago), 2019-07-18 20:04:33 -0700
    [32m•[39m Engine revision fee001c93f
    [32m•[39m Dart version 2.4.0

[33m[!][39m Android toolchain - develop for Android devices (Android SDK version 29.0.1)
    [32m•[39m Android SDK at D:\AndroidStudioSDK
    [32m•[39m Android NDK location not configured (optional; useful for native profiling support)
    [32m•[39m Platform android-29, build-tools 29.0.1
    [32m•[39m ANDROID_HOME = D:\AndroidStudioSDK
    [32m•[39m Java binary at: D:\Android Studio\jre\bin\java
    [32m•[39m Java version OpenJDK Runtime Environment (build 1.8.0_152-release-1343-b01)
    [33m![39m Some Android licenses not accepted.  To resolve this, run: flutter doctor --android-licenses

[32m[✓][39m Android Studio (version 3.4)
    [32m•[39m Android Studio at D:\Android Studio
    [32m•[39m Flutter plugin version 38.1.1
    [32m•[39m Dart plugin version 183.6270
    [32m•[39m Java version OpenJDK Runtime Environment (build 1.8.0_152-release-1343-b01)

[32m[✓][39m VS Code (version 1.40.2)
    [32m•[39m VS Code at C:\Users\kenan\AppData\Local\Programs\Microsoft VS Code
    [32m•[39m Flutter extension version 3.6.0

[32m[✓][39m Connected device (1 available)
    [32m•[39m Android SDK built for x86 • emulator-5554 • android-x86 • Android 9 (API 28) (emulator)

[33m![39m Doctor found issues in 1 category.
```
